Log: Log file open, 05/15/21 21:53:20
Init: Name subsystem initialized
Init: Detected: Microsoft Windows NT 6.2 (Build: 9200)
Init: Version: 1100
Init: Compiled: Jan 29 2001 16:45:52
Init: Command line: mymod
Init: Base directory: O:\DXCU Installer Source\System\
Init: Character set: Unicode
Log: Bound to Core.dll
Init: Object subsystem initialized
Log: Cd Path: Z:\
Init: Computer: DESKTOPLEAK0RO
Init: User: RedSprinkledDonut
Init: Memory total: Phys=2097151K Pagef=4194303K Virt=2097024K
Init: Working set: 32000 / 159000
Init: CPU Speed=4008.016717 MHz
Init: CPU Page size=4096, Processors=8
Init: CPU Detected: PentiumPro-class processor (GenuineIntel)
Init: CPU Features: CMov FPU RDTSC PAE MMX KNI
Log: Bound to Editor.dll
Log: Bound to Engine.dll
Log: Bound to Window.dll
Log: Loading: Package Core
Log: Loading: Package Engine
Log: Executing Class Editor.MasterCommandlet
Log: Using config: mymod.ini
Log:    Copying manifest MyMod.int to Manifest.int
Critical: appError called:
Critical: Failed to remove directory tree: .
Exit: Executing UObject::StaticShutdownAfterError
Critical: UMasterCommandlet::Main
Exit: Exiting.
Uninitialized: Name subsystem shut down
Uninitialized: Log file closed, 05/15/21 21:53:20
