Log: Log file open, 02/05/21 21:43:28
Init: Name subsystem initialized
Init: Detected: Microsoft Windows NT 6.2 (Build: 9200)
Init: Version: 1100
Init: Compiled: Jan 29 2001 16:45:52
Init: Command line: -changevideo
Init: Base directory: C:\VMD\Mod\System\
Init: Character set: Unicode
Log: Bound to Engine.dll
Log: Bound to Core.dll
Log: Bound to Window.dll
Init: Object subsystem initialized
Log: Cd Path: C:\Deus Ex 1112fm\
Init: Computer: DESKTOPLEAK0RO
Init: User: RedSprinkledDonut
Init: Memory total: Phys=2097151K Pagef=4194303K Virt=2097024K
Init: Working set: 32000 / 159000
Init: CPU Speed=4008.045680 MHz
Init: CPU Page size=4096, Processors=8
Init: CPU Detected: PentiumPro-class processor (GenuineIntel)
Init: CPU Features: CMov FPU RDTSC PAE MMX KNI
Exit: Preparing to exit.
Log: Purging garbage
Log: Unbound to Engine.dll
Log: Unbound to Core.dll
Log: Unbound to Window.dll
Log: Garbage: objects: 194->0; refs: 0
Exit: Object subsystem successfully closed.
Exit: Exiting.
Uninitialized: Name subsystem shut down
Uninitialized: Memory Allocation Status
Uninitialized: Curr Memory  0.005M /  0.059M
Uninitialized: Peak Memory  2.506M /  4.223M
Uninitialized: Allocs           1 Current /  27569 Total
Uninitialized: Log file closed, 02/05/21 21:43:48
