Log: Log file open, 02/05/21 21:43:14
Init: Name subsystem initialized
Init: Detected: Microsoft Windows NT 6.2 (Build: 9200)
Init: Version: 1100
Init: Compiled: Jan 29 2001 16:45:52
Init: Command line: 
Init: Base directory: C:\VMD\Mod\System\
Init: Character set: Unicode
Log: Bound to Core.dll
Log: Bound to Engine.dll
Log: Bound to Editor.dll
Log: Bound to Window.dll
Init: Object subsystem initialized
Log: Cd Path: C:\Deus Ex 1112fm\
Init: Computer: DESKTOPLEAK0RO
Init: User: RedSprinkledDonut
Init: Memory total: Phys=4194303K Pagef=4194303K Virt=4194176K
Init: Working set: 32000 / 159000
Init: CPU Speed=4008.057393 MHz
Init: CPU Page size=4096, Processors=8
Init: CPU Detected: PentiumPro-class processor (GenuineIntel)
Init: CPU Features: CMov FPU RDTSC PAE MMX KNI
Init: DEP: Policy is 0:148
Init: Using QPC based TSC inference.
Launch: Compiled: Jun  2 2019 21:55:30
Log: Bound to DeusEx.dll
Log: Bound to Extension.dll
Log: Bound to ConSys.dll
Log: Loading: Package DeusEx
Log: Loading: Package Core
Log: Loading: Package Engine
Log: Loading: Package Extension
Log: Loading: Package DeusExCharacters
Log: Loading: Package DeusExUI
Log: Loading: Package DeusExItems
Log: Loading: Package Effects
Log: Bound to Fire.dll
Log: Loading: Package Fire
Log: Loading: Package ConSys
Log: Loading: Package DeusExSounds
Log: Loading: Package DeusExDeco
Log: Loading: Package UBrowser
Log: Loading: Package UWindow
Log: Bound to IpDrv.dll
Log: Loading: Package IpDrv
Log: Bound to DeusExText.dll
Log: Loading: Package DeusExText
Log: Loading: Package Ambient
Log: Loading: Package MoverSFX
Log: Loading: Package IpServer
Log: Loading: Package MPCharacters
Init: Unreal engine initialized
Log: Bound to WinDrv.dll
Init: Mouse info: 0 0 65536
Init: Client initialized
Log: Bound to Render.dll
Log: Loading: Package Render
Init: Lighting subsystem initialized
Init: Rendering initialized
Log: LoadMap: entry.dx
Log: Loading: Package Entry
Log: Loading: Package Title_Music
Log: Game class is 'DeusExGameInfo'
Log: Bringing Level Entry.MyLevel up for play (0)...
ScriptLog: InitGame: 
ScriptLog: Base Mutator is Entry.Mutator0
Log: Browse: DX.dx?Name=Player?Class=DeusEx.JCDentonMale
Log: Doing load, not loadgame
Log: Current mission number is -1, next is -1
Log: LoadMap: DX.dx?Name=Player?Class=DeusEx.JCDentonMale
Log: Loading: Package DX
Log: Collecting garbage
Log: Purging garbage
Log: Unloading: Package Render
Log: Garbage: objects: 33673->33672; refs: 372747
Log: Game class is 'DeusExGameInfo'
Log: Bringing Level DX.MyLevel up for play (0)...
ScriptLog: InitGame: ?Name=Player?Class=DeusEx.JCDentonMale
ScriptLog: Base Mutator is DX.Mutator1
Init: Initialized moving brush tracker for Level DX.MyLevel
ScriptLog: Login: Player
Init: *** DEUS EX VERSION Mon Mar 19 12:06:14 2001 v1.112fm ***
Log: Possessed PlayerPawn: JCDentonMale DX.JCDentonMale0
ScriptLog: All inventory from Player is accepted
Init: Input system initialized for WindowsViewport0
Log: Opened viewport
Log: Bound to D3DDrv.dll
Init: DirectDraw drivers detected:
Init:    display (Primary Display Driver)
Init: D3D Device: Supports system memory DMA blts
Log: D3D Device 4194240K vram, 4186140K free
Init: Deus Ex Direct3D support - internal revision 1.6.2
Init: D3D Device: szDriver=nvldumd.dll
Init: D3D Device: szDescription=NVIDIA GeForce GTX 950
Init: D3D Device: wProduct=0
Init: D3D Device: wVersion=0
Init: D3D Device: wSubVersion=0
Init: D3D Device: wBuild=0
Init: D3D Device: dwVendorId=4318
Init: D3D Device: dwDeviceId=5122
Init: D3D Device: dwSubSysId=-2054352829
Init: D3D Device: dwRevision=161
Init: Best-match display mode: 640x480x32 (Error=0)
Init: D3D Driver: wMaxTextureBlendStages=8
Init: D3D Driver: wMaxSimultaneousTextures=8
Log: D3D Driver: Supports FOURCC DXT1
Log: D3D Driver: Supports FOURCC DXT2
Log: D3D Driver: Supports FOURCC DXT3
Log: D3D Driver: Supports FOURCC DXT4
Log: D3D Driver: Supports FOURCC DXT5
Log: D3D Driver: Supports FOURCC NVCS
Log: D3D Driver: Supports FOURCC NVHU
Log: D3D Driver: Supports FOURCC NVHS
Log: D3D Driver: Supports FOURCC NULL
Log: D3D Driver: Supports FOURCC ATI1
Log: D3D Driver: Supports FOURCC ATI2
Log: D3D Driver: Supports FOURCC INTZ
Log: D3D Driver: Supports FOURCC 3x11
Log: D3D Driver: Supports FOURCC 3x16
Init: D3D Detected: NVidia video card
Init: D3D Driver: Supports trilinear
Init: D3D Driver: Supports specular gouraud
Init: D3D Driver: Supports BLENDDIFFUSEALPHA
Init: D3D Driver: Supports alpha palettes
Init: D3D Driver: Supports non-power-of-2 textures
Init: D3D Driver: Supports LOD biasing
Init: D3D Driver: Supports Z biasing
Init: D3D Driver: Supports D3DTOP_ADDSIGNED2X
Init: D3D Driver: Supports D3DTOP_BUMPENVMAP
Init: D3D Driver: Supports D3DTOP_BUMPENVMAPLUMINANCE
Init: D3D Driver: Supports D3DTOP_DOTPRODUCT3
Init: D3D Driver: Supports D3DTOP_MODULATEALPHA_ADDCOLOR
Init: D3D Driver: Supports D3DTOP_MODULATECOLOR_ADDALPHA
Init: D3D Driver: Textures (1x1)-(16384x16384), Max aspect 16384
Log: Bound to Galaxy.dll
Init: Galaxy is using DirectSound
Init: Galaxy initialized
DevAudio: Galaxy SetViewport: WindowsViewport0
Init: Game engine initialized
Log: Startup time: 2.65 seconds
DevMusic: Load music: Music Title_Music.Title_Music
Log: Loading: Package DXFonts
Log: Assigning Last Button Window to MenuMain DX.JCDentonMale0.DeusExRootWindow0.MenuMain0
Log: Assigning Last Button Window to MenuUIMenuButtonWindow DX.JCDentonMale0.DeusExRootWindow0.MenuMain0.MenuUIClientWindow0.MenuUIMenuButtonWindow2
Log: Assigning Last Button Window to MenuUIClientWindow DX.JCDentonMale0.DeusExRootWindow0.MenuMain0.MenuUIClientWindow0
Log: Assigning Last Button Window to MenuUIMenuButtonWindow DX.JCDentonMale0.DeusExRootWindow0.MenuMain0.MenuUIClientWindow0.MenuUIMenuButtonWindow3
Log: Assigning Last Button Window to MenuUIMenuButtonWindow DX.JCDentonMale0.DeusExRootWindow0.MenuSettings0.MenuUIClientWindow2.MenuUIMenuButtonWindow13
Log: Assigning Last Button Window to MenuChoice_RenderDevice DX.JCDentonMale0.DeusExRootWindow0.MenuScreenDisplay0.MenuUIClientWindow3.MenuChoice_RenderDevice0
Log: Assigning Last Button Window to MenuUIChoiceButton DX.JCDentonMale0.DeusExRootWindow0.MenuScreenDisplay0.MenuUIClientWindow3.MenuChoice_RenderDevice0.MenuUIChoiceButton2
Log: Assigning Last Button Window to MenuUIMessageBoxShadowWindow DX.JCDentonMale0.DeusExRootWindow0.MenuUIMessageBoxWindow0.MenuUIMessageBoxShadowWindow0
Log: Assigning Last Button Window to MenuUIActionButtonWindow DX.JCDentonMale0.DeusExRootWindow0.MenuUIMessageBoxWindow0.MenuUIActionButtonBarWindow2.MenuUIActionButtonWindow7
Log: Tried to remove lastbuttonwindow descendant. MenuUIActionButtonWindow DX.JCDentonMale0.DeusExRootWindow0.MenuUIMessageBoxWindow0.MenuUIActionButtonBarWindow2.MenuUIActionButtonWindow7
Log: Relaunch: -changevideo
Log: GetModuleFileName returned C:\VMD\Mod\System\Launch.exe
Log: appRequestExit(0)
Exit: Preparing to exit.
Log: Purging garbage
Log: Unbound to LaunchInternal.dll
Log: Unbound to Core.dll
Log: Unbound to Engine.dll
Log: Unbound to Editor.dll
Log: Unbound to Window.dll
Log: Unbound to DeusEx.dll
Log: Unbound to Extension.dll
Log: Unbound to ConSys.dll
Log: Unloading: Package DeusEx
Log: Unloading: Package Core
Log: Unloading: Package Engine
Log: Unloading: Package Extension
Log: Unloading: Package DeusExCharacters
Log: Unloading: Package DeusExUI
Log: Unloading: Package DeusExItems
Log: Unloading: Package Effects
Log: Unbound to Fire.dll
Log: Unloading: Package Fire
Log: Unloading: Package ConSys
Log: Unloading: Package DeusExSounds
Log: Unloading: Package DeusExDeco
Log: Unloading: Package UBrowser
Log: Unloading: Package UWindow
Log: Unbound to IpDrv.dll
Log: Unloading: Package IpDrv
Log: Unbound to DeusExText.dll
Log: Unloading: Package DeusExText
Log: Unloading: Package Ambient
Log: Unloading: Package MoverSFX
Log: Unloading: Package IpServer
Log: Unloading: Package MPCharacters
Exit: Game engine shut down
Log: Unbound to WinDrv.dll
Exit: Windows client shut down
Log: Unbound to Render.dll
Exit: Lighting subsystem shut down
Exit: Rendering shut down
Log: Unloading: Package Entry
Log: Unloading: Package Title_Music
DevMusic: Unregister music: Music Title_Music.Title_Music
Log: Unloading: Package DX
Init: Shut down moving brush tracker for Level DX.MyLevel
Log: Unbound to D3DDrv.dll
Log: Unbound to Galaxy.dll
DevAudio: Galaxy SetViewport: NULL
Exit: Galaxy shut down
Log: Unloading: Package DXFonts
Log: Garbage: objects: 34082->0; refs: 372747
Exit: Object subsystem successfully closed.
Exit: Exiting.
Uninitialized: Name subsystem shut down
Uninitialized: Memory Allocation Status
Uninitialized: Curr Memory  0.073M /  2.309M
Uninitialized: Peak Memory  57.892M /  59.711M
Uninitialized: Allocs         192 Current /  218089 Total
Uninitialized: Log file closed, 02/05/21 21:43:29
